\BOOKMARK [0][-]{chapter*.1}{Resumen}{}% 1
\BOOKMARK [0][-]{chapter*.2}{Abstract}{}% 2
\BOOKMARK [0][-]{chapter*.6}{Introducci\363n}{}% 3
\BOOKMARK [1][-]{section*.7}{Antecedentes y Planteamiento del problema}{chapter*.6}% 4
\BOOKMARK [1][-]{section*.8}{Propuesta de soluci\363n y Justificaci\363n}{chapter*.6}% 5
\BOOKMARK [1][-]{section*.9}{Objetivos}{chapter*.6}% 6
\BOOKMARK [1][-]{section*.10}{Objetivo general}{chapter*.6}% 7
\BOOKMARK [1][-]{section*.11}{Objetivos espec\355ficos}{chapter*.6}% 8
\BOOKMARK [1][-]{section*.12}{Hip\363tesis}{chapter*.6}% 9
\BOOKMARK [0][-]{chapter.1}{Marco contextual}{}% 10
\BOOKMARK [1][-]{section*.13}{Introducci\363n}{chapter.1}% 11
\BOOKMARK [1][-]{section.1.1}{Situaci\363n Actual}{chapter.1}% 12
\BOOKMARK [1][-]{section.1.2}{Estado del Arte}{chapter.1}% 13
\BOOKMARK [1][-]{section.1.3}{Marco te\363rico}{chapter.1}% 14
\BOOKMARK [2][-]{section*.14}{Centro de Datos}{section.1.3}% 15
\BOOKMARK [2][-]{section*.15}{Esquemas de Distribuci\363n de Trabajos}{section.1.3}% 16
\BOOKMARK [2][-]{section*.16}{Balanceo de Cargas}{section.1.3}% 17
\BOOKMARK [2][-]{section*.17}{Migraci\363n}{section.1.3}% 18
\BOOKMARK [2][-]{section*.18}{Sistemas ERP}{section.1.3}% 19
\BOOKMARK [1][-]{section.1.4}{Marco Metodol\363gico}{chapter.1}% 20
\BOOKMARK [0][-]{chapter.2}{Desarrollo}{}% 21
\BOOKMARK [1][-]{section*.19}{Introducci\363n}{chapter.2}% 22
\BOOKMARK [1][-]{section.2.1}{Aplicaci\363n del marco metodol\363gico y de actividades de experimentaci\363n}{chapter.2}% 23
\BOOKMARK [2][-]{subsection.2.1.1}{Simulaci\363n del Centro de Datos en la Nube}{section.2.1}% 24
\BOOKMARK [2][-]{subsection.2.1.2}{Implementaci\363n de los Algoritmos}{section.2.1}% 25
\BOOKMARK [2][-]{section*.20}{Configuraci\363n de Elementos del Datacenter y DatacenterBrokers para Algoritmos de Calendarizaci\363n}{section.2.1}% 26
\BOOKMARK [2][-]{section*.21}{DatacenterBrokers para Algoritmos de Calendarizaci\363n}{section.2.1}% 27
\BOOKMARK [2][-]{subsection.2.1.3}{Mejorar el costo de procesamiento y el tiempo de ejecuci\363n}{section.2.1}% 28
\BOOKMARK [0][-]{chapter.3}{Resultados}{}% 29
\BOOKMARK [1][-]{section*.23}{Introducci\363n}{chapter.3}% 30
\BOOKMARK [1][-]{section.3.1}{Tiempo de ejecuci\363n y costo de procesamiento}{chapter.3}% 31
\BOOKMARK [0][-]{chapter*.24}{Conclusiones}{}% 32
\BOOKMARK [0][-]{chapter*.26}{Glosario}{}% 33
\BOOKMARK [1][-]{section*.27}{A}{chapter*.26}% 34
\BOOKMARK [1][-]{section*.28}{C}{chapter*.26}% 35
\BOOKMARK [1][-]{section*.29}{E}{chapter*.26}% 36
\BOOKMARK [1][-]{section*.30}{F}{chapter*.26}% 37
\BOOKMARK [1][-]{section*.31}{P}{chapter*.26}% 38
\BOOKMARK [0][-]{chapter*.32}{Anexos}{}% 39
